Log initiated.
Server launched.
Listening...


///////////////////////////////////////////////////////////////////////////
REQUEST = 
{ a: 'ping',
  uid: '7a0449f8-fe59-449f-a366-6260a2204f3d',
  auth: 's2zg2-bPUhXPSvBth+@UUfG8VzmGXg%08/8SKtlQh0Q3atnM8gUm1uoEIMt0ng8PTBogUXy8FiXf5IZJSetaZgJL7JYn1JOqbYPaVF81zukWpNzIt6jw8g==',
  lat: '40.7433',
  lng: '-74.03101',
  radius: '1',
  scores: '["0fae06db-e5fd-4b26-9e68-28e30fded3cd"]',
  ip: '174.252.3.8' }
invalid ping
string | undefined | number | number


///////////////////////////////////////////////////////////////////////////
REQUEST = 
{ a: 'create_account', ip: '174.252.3.8' }
RESPONSE = 
{ code: 'create_account_0',
  uid: 'f96adb25-9a9d-4722-a937-e0770bd7e421' }


///////////////////////////////////////////////////////////////////////////
REQUEST = 
{ a: 'create_account',
  uid: 'f96adb25-9a9d-4722-a937-e0770bd7e421',
  android_id: 'e4c25ac3061c389f',
  device_id: 'A0000022ECB30A',
  phone_num: '2014033628',
  carrier: 'Verizon Wireless',
  ip: '174.252.3.8' }
RESPONSE = 
{ code: 'create_account_1',
  pw: 'hnO!$jq@c7)SQFmSPsUYDyw9qAYzzckM' }


///////////////////////////////////////////////////////////////////////////
REQUEST = 
{ a: 'ping',
  uid: 'f96adb25-9a9d-4722-a937-e0770bd7e421',
  auth: 'default',
  lat: '40.7433',
  lng: '-74.03101',
  radius: '1',
  ip: '174.252.3.8' }
Failed auth count = 1
addToCache
user
RESPONSE = 
{ code: 'expired_auth',
  nonce: '+Gggbs03@aCXGTFJtMhP$z%OA%5C%#)2*=pLTBZ-' }


///////////////////////////////////////////////////////////////////////////
REQUEST = 
{ a: 'ping',
  uid: 'f96adb25-9a9d-4722-a937-e0770bd7e421',
  auth: 'hnO!$jq@c7)SQFmSPsUYDyw9qAYzzckMAghyePBWCUDhEHLDWBsccj8pSmhV4f5ygF355iPzn/aS0HZ/2CN+2NTK54JDPGEDaXGogkJ+S2/qFoRBKmoFIw==',
  lat: '40.7433',
  lng: '-74.03101',
  radius: '1',
  ip: '174.252.3.8' }
User requested radius.
userCanRequestRadiusResult = true
recursiveCallback on iteration 1
COUNT = 0, SHOUTREACH = 5, selectEntirePlanet = false
recursiveCallback on iteration 2
COUNT = 3, SHOUTREACH = 5, selectEntirePlanet = true
fullGetCallback
row = 13079408, 10215176
nearby.push(321.4872662747347, f6292a18-4915-49de-b1a3-fe3f9017d626)
row = 13074330, 10596899
nearby.push(7.900874738066842e-13, 7a0449f8-fe59-449f-a366-6260a2204f3d)
nearby = 
[ [ 321.4872662747347, 'f6292a18-4915-49de-b1a3-fe3f9017d626' ],
  [ 7.900874738066842e-13,
    '7a0449f8-fe59-449f-a366-6260a2204f3d' ] ]
RESPONSE = 
{ code: 'ping_ok',
  pts: 71,
  lvl_change: { lvl: 5, lvl_at: 71, next_lvl_at: 92 },
  radius: 6000000 }


///////////////////////////////////////////////////////////////////////////
REQUEST = 
{ a: 'ping',
  uid: 'f96adb25-9a9d-4722-a937-e0770bd7e421',
  auth: 'hnO!$jq@c7)SQFmSPsUYDyw9qAYzzckMAghyePBWCUDhEHLDWBsccj8pSmhV4f5ygF355iPzn/aS0HZ/2CN+2NTK54JDPGEDaXGogkJ+S2/qFoRBKmoFIw==',
  lat: '40.7433',
  lng: '-74.03101',
  lvl: '5',
  ip: '174.252.3.8' }
updateUser database result:
'{"ConsumedCapacityUnits":1.0}'
RESPONSE = 
{ code: 'ping_ok', pts: 71 }


///////////////////////////////////////////////////////////////////////////
REQUEST = 
{ a: 'ping',
  uid: 'f96adb25-9a9d-4722-a937-e0770bd7e421',
  auth: 'hnO!$jq@c7)SQFmSPsUYDyw9qAYzzckMAghyePBWCUDhEHLDWBsccj8pSmhV4f5ygF355iPzn/aS0HZ/2CN+2NTK54JDPGEDaXGogkJ+S2/qFoRBKmoFIw==',
  lat: '40.7433',
  lng: '-74.03101',
  ip: '174.252.3.8' }
RESPONSE = 
{ code: 'ping_ok', pts: 71 }


///////////////////////////////////////////////////////////////////////////
REQUEST = 
{ a: 'ping',
  uid: 'f96adb25-9a9d-4722-a937-e0770bd7e421',
  auth: 'hnO!$jq@c7)SQFmSPsUYDyw9qAYzzckMAghyePBWCUDhEHLDWBsccj8pSmhV4f5ygF355iPzn/aS0HZ/2CN+2NTK54JDPGEDaXGogkJ+S2/qFoRBKmoFIw==',
  lat: '40.7433',
  lng: '-74.03101',
  ip: '174.252.3.8' }
RESPONSE = 
{ code: 'ping_ok', pts: 71 }


///////////////////////////////////////////////////////////////////////////
REQUEST = 
{ a: 'ping',
  uid: 'f96adb25-9a9d-4722-a937-e0770bd7e421',
  auth: 'hnO!$jq@c7)SQFmSPsUYDyw9qAYzzckMAghyePBWCUDhEHLDWBsccj8pSmhV4f5ygF355iPzn/aS0HZ/2CN+2NTK54JDPGEDaXGogkJ+S2/qFoRBKmoFIw==',
  lat: '40.7433',
  lng: '-74.03101',
  ip: '174.252.3.8' }
RESPONSE = 
{ code: 'ping_ok', pts: 71 }


///////////////////////////////////////////////////////////////////////////
REQUEST = 
{ a: 'ping',
  uid: 'f96adb25-9a9d-4722-a937-e0770bd7e421',
  auth: 'hnO!$jq@c7)SQFmSPsUYDyw9qAYzzckMAghyePBWCUDhEHLDWBsccj8pSmhV4f5ygF355iPzn/aS0HZ/2CN+2NTK54JDPGEDaXGogkJ+S2/qFoRBKmoFIw==',
  lat: '40.7433',
  lng: '-74.03101',
  ip: '174.252.3.8' }
RESPONSE = 
{ code: 'ping_ok', pts: 71 }
