[Sun Apr 01 2012 19:35:38 GMT+0000 (UTC)] DEBUG C2DM Auth Success
[Sun Apr 01 2012 19:52:42 GMT+0000 (UTC)] DEBUG C2DM Auth Success
[Sun Apr 01 2012 19:53:47 GMT+0000 (UTC)] DEBUG C2DM Auth Success
[Sun Apr 01 2012 19:54:17 GMT+0000 (UTC)] DEBUG C2DM Auth Success
[Sun Apr 01 2012 19:54:54 GMT+0000 (UTC)] DEBUG Attempting C2DM to 55283ac0-5c4e-46f7-9d48-e5af6fa3f9eb | c2dmId = APA91bEXHKY72TmwarILCXTvzK81GNQ__-r40WTp8v1IskM3b2XmVWdMYZi7lAqaecj33m9Z1HDUiUBtS9NuEE_1uBcCWxBdTQApRmRAWHzgP6GvR2QJzFaXmdSKom9zV_nuDvTwApvMbk33qMTV05RfvNVNMMK6fA
[Sun Apr 01 2012 19:54:54 GMT+0000 (UTC)] DEBUG C2DM Send messageId: id=0:1333310094452903%4ffd4a880f436ef5

[Sun Apr 01 2012 19:54:54 GMT+0000 (UTC)] DEBUG C2DM Send Success.
messageId = id=0:1333310094452903%4ffd4a880f436ef5

c2dmId = APA91bEXHKY72TmwarILCXTvzK81GNQ__-r40WTp8v1IskM3b2XmVWdMYZi7lAqaecj33m9Z1HDUiUBtS9NuEE_1uBcCWxBdTQApRmRAWHzgP6GvR2QJzFaXmdSKom9zV_nuDvTwApvMbk33qMTV05RfvNVNMMK6fA
userId = 55283ac0-5c4e-46f7-9d48-e5af6fa3f9eb
[Sun Apr 01 2012 20:02:00 GMT+0000 (UTC)] DEBUG Attempting C2DM to 55283ac0-5c4e-46f7-9d48-e5af6fa3f9eb | c2dmId = APA91bEXHKY72TmwarILCXTvzK81GNQ__-r40WTp8v1IskM3b2XmVWdMYZi7lAqaecj33m9Z1HDUiUBtS9NuEE_1uBcCWxBdTQApRmRAWHzgP6GvR2QJzFaXmdSKom9zV_nuDvTwApvMbk33qMTV05RfvNVNMMK6fA
[Sun Apr 01 2012 20:02:00 GMT+0000 (UTC)] DEBUG C2DM Send messageId: id=0:1333310520204406%4ffd4a880f436ef5

[Sun Apr 01 2012 20:02:00 GMT+0000 (UTC)] DEBUG C2DM Send Success.
messageId = id=0:1333310520204406%4ffd4a880f436ef5

c2dmId = APA91bEXHKY72TmwarILCXTvzK81GNQ__-r40WTp8v1IskM3b2XmVWdMYZi7lAqaecj33m9Z1HDUiUBtS9NuEE_1uBcCWxBdTQApRmRAWHzgP6GvR2QJzFaXmdSKom9zV_nuDvTwApvMbk33qMTV05RfvNVNMMK6fA
userId = 55283ac0-5c4e-46f7-9d48-e5af6fa3f9eb
[Sun Apr 01 2012 20:16:41 GMT+0000 (UTC)] DEBUG Attempting C2DM to 55283ac0-5c4e-46f7-9d48-e5af6fa3f9eb | c2dmId = APA91bGz9Dx2SL0sz8sItMPCJHSVzfjio3K8JWHCEiZurLjn_MBGxJheHMV7a0nix1e1w1t8PS6YqUGCuFKc9o-lfyISOiymwVUksjIrGdzUGLz5N6BYw58sFtDQuaYUARQ-3MuJDtXkwYZCRGjMHMgSOqOgWrP9oQ
[Sun Apr 01 2012 20:16:41 GMT+0000 (UTC)] DEBUG C2DM Send messageId: id=0:1333311401680722%4ffd4a880f436ef5

[Sun Apr 01 2012 20:16:41 GMT+0000 (UTC)] DEBUG C2DM Send Success.
messageId = id=0:1333311401680722%4ffd4a880f436ef5

c2dmId = APA91bGz9Dx2SL0sz8sItMPCJHSVzfjio3K8JWHCEiZurLjn_MBGxJheHMV7a0nix1e1w1t8PS6YqUGCuFKc9o-lfyISOiymwVUksjIrGdzUGLz5N6BYw58sFtDQuaYUARQ-3MuJDtXkwYZCRGjMHMgSOqOgWrP9oQ
userId = 55283ac0-5c4e-46f7-9d48-e5af6fa3f9eb
[Sun Apr 01 2012 20:41:22 GMT+0000 (UTC)] DEBUG Attempting C2DM to 55283ac0-5c4e-46f7-9d48-e5af6fa3f9eb | c2dmId = APA91bEkcm5HGFpzLsoD7vG9bEZsG_l7HktxXIB4Bo98BTqHQIInZHB3zJOFgbjDj72RFM7ZVUCd3oj-E9QWJsBo3QDnAWY51z8Y07UrZa6B-l_NK5qWLi3la7FzA6jAyuwB6I64f6EMluR6hMEkkfrMublp0HJARA
[Sun Apr 01 2012 20:41:24 GMT+0000 (UTC)] DEBUG C2DM Send messageId: id=0:1333312884302965%4ffd4a880f436ef5

[Sun Apr 01 2012 20:41:24 GMT+0000 (UTC)] DEBUG C2DM Send Success.
messageId = id=0:1333312884302965%4ffd4a880f436ef5

c2dmId = APA91bEkcm5HGFpzLsoD7vG9bEZsG_l7HktxXIB4Bo98BTqHQIInZHB3zJOFgbjDj72RFM7ZVUCd3oj-E9QWJsBo3QDnAWY51z8Y07UrZa6B-l_NK5qWLi3la7FzA6jAyuwB6I64f6EMluR6hMEkkfrMublp0HJARA
userId = 55283ac0-5c4e-46f7-9d48-e5af6fa3f9eb
[Sun Apr 01 2012 20:42:24 GMT+0000 (UTC)] DEBUG Attempting C2DM to 55283ac0-5c4e-46f7-9d48-e5af6fa3f9eb | c2dmId = APA91bEkcm5HGFpzLsoD7vG9bEZsG_l7HktxXIB4Bo98BTqHQIInZHB3zJOFgbjDj72RFM7ZVUCd3oj-E9QWJsBo3QDnAWY51z8Y07UrZa6B-l_NK5qWLi3la7FzA6jAyuwB6I64f6EMluR6hMEkkfrMublp0HJARA
[Sun Apr 01 2012 20:42:24 GMT+0000 (UTC)] DEBUG C2DM Send messageId: id=0:1333312944347971%4ffd4a880f436ef5

[Sun Apr 01 2012 20:42:24 GMT+0000 (UTC)] DEBUG C2DM Send Success.
messageId = id=0:1333312944347971%4ffd4a880f436ef5

c2dmId = APA91bEkcm5HGFpzLsoD7vG9bEZsG_l7HktxXIB4Bo98BTqHQIInZHB3zJOFgbjDj72RFM7ZVUCd3oj-E9QWJsBo3QDnAWY51z8Y07UrZa6B-l_NK5qWLi3la7FzA6jAyuwB6I64f6EMluR6hMEkkfrMublp0HJARA
userId = 55283ac0-5c4e-46f7-9d48-e5af6fa3f9eb
[Sun Apr 01 2012 20:49:46 GMT+0000 (UTC)] DEBUG C2DM Auth Success
[Sun Apr 01 2012 20:50:00 GMT+0000 (UTC)] DEBUG Attempting C2DM to 55283ac0-5c4e-46f7-9d48-e5af6fa3f9eb | c2dmId = APA91bEQSIPwl-QjRx5cLcBI0-wzMAuYUH1YY9nS1TE7xuUuijo3b586R9V-kYgvQFtlUI8KtJr8HtMmmx9c2-cHLWfTt7UEZ8UJOlh5_O-UobOKkFwRBWjjjv9T-uiH3g3PUyklR2LjTh79ChgC4-NViaONtUO0nw
[Sun Apr 01 2012 20:50:00 GMT+0000 (UTC)] DEBUG C2DM Send messageId: id=0:1333313400613861%4ffd4a880f436ef5

[Sun Apr 01 2012 20:50:00 GMT+0000 (UTC)] DEBUG C2DM Send Success.
messageId = id=0:1333313400613861%4ffd4a880f436ef5

c2dmId = APA91bEQSIPwl-QjRx5cLcBI0-wzMAuYUH1YY9nS1TE7xuUuijo3b586R9V-kYgvQFtlUI8KtJr8HtMmmx9c2-cHLWfTt7UEZ8UJOlh5_O-UobOKkFwRBWjjjv9T-uiH3g3PUyklR2LjTh79ChgC4-NViaONtUO0nw
userId = 55283ac0-5c4e-46f7-9d48-e5af6fa3f9eb
[Sun Apr 01 2012 20:50:43 GMT+0000 (UTC)] DEBUG Attempting C2DM to 55283ac0-5c4e-46f7-9d48-e5af6fa3f9eb | c2dmId = APA91bH7OPgIIPgU-YTDI8Q2TwI5u42pTZNYEGbMKPFRBkBSUM3wlERvYh24-gwLTmtbDHoCDiqCrdia2UU5nbGFaPQdpf_N7g0rTbny4IeUDpM_5AgddEF3rClrzfUD_lJfuJfeIPkTOOyprCTcFKHhXalnMLELCQ
[Sun Apr 01 2012 20:50:43 GMT+0000 (UTC)] DEBUG C2DM Send messageId: id=0:1333313443423906%4ffd4a880f436ef5

[Sun Apr 01 2012 20:50:43 GMT+0000 (UTC)] DEBUG C2DM Send Success.
messageId = id=0:1333313443423906%4ffd4a880f436ef5

c2dmId = APA91bH7OPgIIPgU-YTDI8Q2TwI5u42pTZNYEGbMKPFRBkBSUM3wlERvYh24-gwLTmtbDHoCDiqCrdia2UU5nbGFaPQdpf_N7g0rTbny4IeUDpM_5AgddEF3rClrzfUD_lJfuJfeIPkTOOyprCTcFKHhXalnMLELCQ
userId = 55283ac0-5c4e-46f7-9d48-e5af6fa3f9eb
[Sun Apr 01 2012 21:18:16 GMT+0000 (UTC)] DEBUG C2DM Auth Success
[Sun Apr 01 2012 21:18:28 GMT+0000 (UTC)] DEBUG Attempting C2DM to 55283ac0-5c4e-46f7-9d48-e5af6fa3f9eb | c2dmId = APA91bHPeSOfeslIgDBuu2vn-MxkD7zlVjA1X9_CQWgPqkiITYXjJ1FI6LIRjf-oejX2opFBliq9HSMZLWw2zt5-nxwzA-RxdEfBAifNetiQCOXT2t12TaQFCbCCE9s18isOi1kWcXhfUod7bsK6-mQyIU9txjZhoQ
[Sun Apr 01 2012 21:18:28 GMT+0000 (UTC)] DEBUG C2DM Send messageId: id=0:1333315108897635%4ffd4a880f436ef5

[Sun Apr 01 2012 21:18:28 GMT+0000 (UTC)] DEBUG C2DM Send Success.
messageId = id=0:1333315108897635%4ffd4a880f436ef5

c2dmId = APA91bHPeSOfeslIgDBuu2vn-MxkD7zlVjA1X9_CQWgPqkiITYXjJ1FI6LIRjf-oejX2opFBliq9HSMZLWw2zt5-nxwzA-RxdEfBAifNetiQCOXT2t12TaQFCbCCE9s18isOi1kWcXhfUod7bsK6-mQyIU9txjZhoQ
userId = 55283ac0-5c4e-46f7-9d48-e5af6fa3f9eb
[Sun Apr 01 2012 21:19:06 GMT+0000 (UTC)] DEBUG C2DM Auth Success
[Sun Apr 01 2012 22:23:26 GMT+0000 (UTC)] DEBUG C2DM Auth Success
[Sun Apr 01 2012 22:27:42 GMT+0000 (UTC)] DEBUG Attempting C2DM to 55283ac0-5c4e-46f7-9d48-e5af6fa3f9eb | c2dmId = APA91bERf8q_riwtZLiswh-jx_lINrQSGZADeOz0o7LLWmkAuvkYb7p4Ltfun67HmUkkRzp_4-qjzWH8Blq1xixzjGE_5VNI5E6rPVSGoACApMgNaItUStfP2VMPs_35MDIKwY5tZQtO2B2zIqbfSkmQjYsOu0KBoA
[Sun Apr 01 2012 22:27:42 GMT+0000 (UTC)] DEBUG C2DM Send messageId: id=0:1333319262894456%4ffd4a880f436ef5

[Sun Apr 01 2012 22:27:42 GMT+0000 (UTC)] DEBUG C2DM Send Success.
messageId = id=0:1333319262894456%4ffd4a880f436ef5

c2dmId = APA91bERf8q_riwtZLiswh-jx_lINrQSGZADeOz0o7LLWmkAuvkYb7p4Ltfun67HmUkkRzp_4-qjzWH8Blq1xixzjGE_5VNI5E6rPVSGoACApMgNaItUStfP2VMPs_35MDIKwY5tZQtO2B2zIqbfSkmQjYsOu0KBoA
userId = 55283ac0-5c4e-46f7-9d48-e5af6fa3f9eb
[Sun Apr 01 2012 22:38:40 GMT+0000 (UTC)] DEBUG Attempting C2DM to 55283ac0-5c4e-46f7-9d48-e5af6fa3f9eb | c2dmId = APA91bG9L8MjMQKD6PzJVmxls2iRI3KrodHT0ZKIooq4IT4tZ8jNXsDHLMCLuoFaW76_BCRsQJk-afrb09JR0L7-kLuAxaGTcWxnzfInYsyEf7vo-DbFTm3en7goHRrBwetPj2F23rvwFKIPfUNbzdDtnpv4ldrU0w
[Sun Apr 01 2012 22:38:40 GMT+0000 (UTC)] DEBUG C2DM Send messageId: id=0:1333319920215925%4ffd4a880f436ef5

[Sun Apr 01 2012 22:38:40 GMT+0000 (UTC)] DEBUG C2DM Send Success.
messageId = id=0:1333319920215925%4ffd4a880f436ef5

c2dmId = APA91bG9L8MjMQKD6PzJVmxls2iRI3KrodHT0ZKIooq4IT4tZ8jNXsDHLMCLuoFaW76_BCRsQJk-afrb09JR0L7-kLuAxaGTcWxnzfInYsyEf7vo-DbFTm3en7goHRrBwetPj2F23rvwFKIPfUNbzdDtnpv4ldrU0w
userId = 55283ac0-5c4e-46f7-9d48-e5af6fa3f9eb
[Sun Apr 01 2012 22:39:44 GMT+0000 (UTC)] DEBUG C2DM Auth Success
[Sun Apr 01 2012 22:40:09 GMT+0000 (UTC)] DEBUG Attempting C2DM to 55283ac0-5c4e-46f7-9d48-e5af6fa3f9eb | c2dmId = APA91bH0x2nw0SEtoccZ6vYPblaf5mGxhcmp8RQaaZ28mu6rwCJ4eih5rSda1Bdp2TuW6E2S482cGxSt-NgWoMEEGxePKgtfp8eSga_2WoFvQdwTmmt9QYDtiGdYYeGbIl38ldLz6YhBaWkiL0o0b4MrhnA8tz2DiA
[Sun Apr 01 2012 22:40:09 GMT+0000 (UTC)] DEBUG C2DM Send messageId: id=0:1333320009507560%4ffd4a880f436ef5

[Sun Apr 01 2012 22:40:09 GMT+0000 (UTC)] DEBUG C2DM Send Success.
messageId = id=0:1333320009507560%4ffd4a880f436ef5

c2dmId = APA91bH0x2nw0SEtoccZ6vYPblaf5mGxhcmp8RQaaZ28mu6rwCJ4eih5rSda1Bdp2TuW6E2S482cGxSt-NgWoMEEGxePKgtfp8eSga_2WoFvQdwTmmt9QYDtiGdYYeGbIl38ldLz6YhBaWkiL0o0b4MrhnA8tz2DiA
userId = 55283ac0-5c4e-46f7-9d48-e5af6fa3f9eb
[Sun Apr 01 2012 22:42:39 GMT+0000 (UTC)] DEBUG C2DM Auth Success
[Sun Apr 01 2012 22:43:13 GMT+0000 (UTC)] DEBUG Attempting C2DM to 55283ac0-5c4e-46f7-9d48-e5af6fa3f9eb | c2dmId = APA91bH0x2nw0SEtoccZ6vYPblaf5mGxhcmp8RQaaZ28mu6rwCJ4eih5rSda1Bdp2TuW6E2S482cGxSt-NgWoMEEGxePKgtfp8eSga_2WoFvQdwTmmt9QYDtiGdYYeGbIl38ldLz6YhBaWkiL0o0b4MrhnA8tz2DiA
[Sun Apr 01 2012 22:43:13 GMT+0000 (UTC)] DEBUG C2DM Send messageId: id=0:1333320193436845%4ffd4a880f436ef5

[Sun Apr 01 2012 22:43:13 GMT+0000 (UTC)] DEBUG C2DM Send Success.
messageId = id=0:1333320193436845%4ffd4a880f436ef5

c2dmId = APA91bH0x2nw0SEtoccZ6vYPblaf5mGxhcmp8RQaaZ28mu6rwCJ4eih5rSda1Bdp2TuW6E2S482cGxSt-NgWoMEEGxePKgtfp8eSga_2WoFvQdwTmmt9QYDtiGdYYeGbIl38ldLz6YhBaWkiL0o0b4MrhnA8tz2DiA
userId = 55283ac0-5c4e-46f7-9d48-e5af6fa3f9eb
[Sun Apr 01 2012 22:53:46 GMT+0000 (UTC)] DEBUG C2DM Auth Success
[Sun Apr 01 2012 23:15:10 GMT+0000 (UTC)] DEBUG C2DM Auth Success
[Sun Apr 01 2012 23:15:10 GMT+0000 (UTC)] DEBUG C2DM Auth Success: auth=DQAAAMcAAABFtkJO1ETmK5pVSDKsrFz6dvW1P0JHTodYbnoBt8ixoHe8nf7ufmDPEQScWihSKWcm5VRBVbPElGMpUAeBn9jVXW70qynGU__aA11f4NyYekgM8zOvGtmEG6_FdE8NeT6AniP9kW0MQP__Hv9QBd81JCfVGf9xY9LKExom7AsowzZJft_4M5lyEAM54v1zQoh9dxIQtwvG4t3lV3GZnXSuAsn_Iw0r3IdeHI2IYpcE9C-sfcg7IOvK9nCvfrXdWv-9FmAwMsSq_C_Xnt8Pse2U
[Sun Apr 01 2012 23:15:10 GMT+0000 (UTC)] DEBUG C2DM Send messageId: id=0:1333322110374763%4ffd4a880f436ef5

[Sun Apr 01 2012 23:15:10 GMT+0000 (UTC)] DEBUG C2DM Send Success: id=0:1333322110374763%4ffd4a880f436ef5

[Sun Apr 01 2012 23:18:22 GMT+0000 (UTC)] DEBUG C2DM Auth Success
[Sun Apr 01 2012 23:18:22 GMT+0000 (UTC)] DEBUG C2DM Auth Success: auth=DQAAAMkAAAB3Xwv7qIT70bbbaOzzn-xQd6k2kKLvTCFwJDZaLTVz3Vumb883-TOF0-rZekvW5ndRthK60_A8wQet4BUnh5V97XOoGb3qJrOFIr8oPewkMjqv8RmYIhTamxHO2nH1Yasbd0wR6vJiAA4PUiTlBhOYo_0qGNvF6IjaXLc5lZXRITsA2u1ZR1ZkVQ0jGK6tCmobcK9kPXzogX3_qdpfsnpA4OJdF8kfne8KBXxbTG_UNKD3cErsLc-Y2Vh9HqVF6ok4ox9rNuEorj1FMbMemcDZ
[Sun Apr 01 2012 23:18:22 GMT+0000 (UTC)] DEBUG C2DM Send messageId: id=0:1333322302285303%4ffd4a880f436ef5

[Sun Apr 01 2012 23:18:22 GMT+0000 (UTC)] DEBUG C2DM Send Success: id=0:1333322302285303%4ffd4a880f436ef5

[Sun Apr 01 2012 23:25:29 GMT+0000 (UTC)] DEBUG C2DM Auth Success
[Sun Apr 01 2012 23:25:29 GMT+0000 (UTC)] DEBUG C2DM Auth Success: auth=DQAAAMgAAAAITBTpy3mUaWpjmtm2nhht_uhU_YECJI_9Q9hMzPEyN1nEDXEz3QDNyrT0eX31-iAqFQXPIGurAJkC3WVgr2LYSTzj-vwCMdOvmPzcIKl4gWnx9pRhzKiN2tyEFsyj379qo06MY_N4kkzuN3RNvBSgEuuK82z6sBdBuJh6RK7gDXYAupZsqFaeEuQW3_8ctZuUNkzdzKLKw6o2MRcndSd5-DLpSqezMfFXYBfuo_OMWlNbQ8YcrkMWK8GrOSOgryfAf2eEMFW_V3cfA6G9EWm6
[Sun Apr 01 2012 23:25:29 GMT+0000 (UTC)] DEBUG C2DM Send messageId: id=0:1333322729074697%4ffd4a880f436ef5

[Sun Apr 01 2012 23:25:29 GMT+0000 (UTC)] DEBUG C2DM Send Success: id=0:1333322729074697%4ffd4a880f436ef5

