[Sun Apr 01 2012 19:35:38 GMT+0000 (UTC)] DEBUG CULL LIVE USERS
[Sun Apr 01 2012 19:35:38 GMT+0000 (UTC)] DEBUG Culled 1 users from LIVE
[Sun Apr 01 2012 19:52:42 GMT+0000 (UTC)] DEBUG CULL LIVE USERS
[Sun Apr 01 2012 19:52:42 GMT+0000 (UTC)] DEBUG Culled 0 users from LIVE
[Sun Apr 01 2012 19:53:47 GMT+0000 (UTC)] DEBUG CULL LIVE USERS
[Sun Apr 01 2012 19:53:47 GMT+0000 (UTC)] DEBUG Culled 0 users from LIVE
[Sun Apr 01 2012 19:54:17 GMT+0000 (UTC)] DEBUG CULL LIVE USERS
[Sun Apr 01 2012 19:54:17 GMT+0000 (UTC)] DEBUG Culled 0 users from LIVE
[Sun Apr 01 2012 20:24:17 GMT+0000 (UTC)] DEBUG CULL LIVE USERS
[Sun Apr 01 2012 20:24:17 GMT+0000 (UTC)] DEBUG Culled 0 users from LIVE
[Sun Apr 01 2012 20:49:46 GMT+0000 (UTC)] DEBUG CULL LIVE USERS
[Sun Apr 01 2012 20:49:46 GMT+0000 (UTC)] DEBUG Culled 1 users from LIVE
[Sun Apr 01 2012 21:18:16 GMT+0000 (UTC)] DEBUG CULL LIVE USERS
[Sun Apr 01 2012 21:18:16 GMT+0000 (UTC)] DEBUG Culled 0 users from LIVE
[Sun Apr 01 2012 21:19:06 GMT+0000 (UTC)] DEBUG CULL LIVE USERS
[Sun Apr 01 2012 21:19:06 GMT+0000 (UTC)] DEBUG Culled 0 users from LIVE
[Sun Apr 01 2012 21:49:06 GMT+0000 (UTC)] DEBUG CULL LIVE USERS
[Sun Apr 01 2012 21:49:06 GMT+0000 (UTC)] DEBUG Culled 1 users from LIVE
[Sun Apr 01 2012 22:19:06 GMT+0000 (UTC)] DEBUG CULL LIVE USERS
[Sun Apr 01 2012 22:19:06 GMT+0000 (UTC)] DEBUG Culled 0 users from LIVE
[Sun Apr 01 2012 22:23:26 GMT+0000 (UTC)] DEBUG CULL LIVE USERS
[Sun Apr 01 2012 22:23:26 GMT+0000 (UTC)] DEBUG Culled 0 users from LIVE
[Sun Apr 01 2012 22:39:44 GMT+0000 (UTC)] DEBUG CULL LIVE USERS
[Sun Apr 01 2012 22:39:44 GMT+0000 (UTC)] DEBUG Culled 0 users from LIVE
[Sun Apr 01 2012 22:42:39 GMT+0000 (UTC)] DEBUG CULL LIVE USERS
[Sun Apr 01 2012 22:42:39 GMT+0000 (UTC)] DEBUG Culled 0 users from LIVE
[Sun Apr 01 2012 22:53:46 GMT+0000 (UTC)] DEBUG CULL LIVE USERS
[Sun Apr 01 2012 22:53:46 GMT+0000 (UTC)] DEBUG Culled 0 users from LIVE
[Mon Apr 02 2012 00:18:23 GMT+0000 (UTC)] DEBUG CULL LIVE USERS
[Mon Apr 02 2012 00:18:24 GMT+0000 (UTC)] DEBUG Culled 0 users from LIVE
[Mon Apr 02 2012 00:44:18 GMT+0000 (UTC)] DEBUG CULL LIVE USERS
[Mon Apr 02 2012 00:44:18 GMT+0000 (UTC)] DEBUG Culled 0 users from LIVE
[Mon Apr 02 2012 00:57:44 GMT+0000 (UTC)] DEBUG CULL LIVE USERS
[Mon Apr 02 2012 00:57:44 GMT+0000 (UTC)] DEBUG Culled 2 users from LIVE
[Mon Apr 02 2012 01:27:44 GMT+0000 (UTC)] DEBUG CULL LIVE USERS
[Mon Apr 02 2012 01:27:44 GMT+0000 (UTC)] DEBUG Culled 0 users from LIVE
[Mon Apr 02 2012 01:51:16 GMT+0000 (UTC)] DEBUG CULL LIVE USERS
[Mon Apr 02 2012 01:51:16 GMT+0000 (UTC)] DEBUG Culled 0 users from LIVE
[Mon Apr 02 2012 02:21:16 GMT+0000 (UTC)] DEBUG CULL LIVE USERS
[Mon Apr 02 2012 02:21:16 GMT+0000 (UTC)] DEBUG Culled 0 users from LIVE
[Mon Apr 02 2012 02:51:16 GMT+0000 (UTC)] DEBUG CULL LIVE USERS
[Mon Apr 02 2012 02:51:16 GMT+0000 (UTC)] DEBUG Culled 0 users from LIVE
[Mon Apr 02 2012 03:21:16 GMT+0000 (UTC)] DEBUG CULL LIVE USERS
[Mon Apr 02 2012 03:21:16 GMT+0000 (UTC)] DEBUG Culled 0 users from LIVE
[Mon Apr 02 2012 03:51:16 GMT+0000 (UTC)] DEBUG CULL LIVE USERS
[Mon Apr 02 2012 03:51:21 GMT+0000 (UTC)] DEBUG Culled 1 users from LIVE
[Mon Apr 02 2012 04:21:16 GMT+0000 (UTC)] DEBUG CULL LIVE USERS
[Mon Apr 02 2012 04:21:16 GMT+0000 (UTC)] DEBUG Culled 0 users from LIVE
[Mon Apr 02 2012 04:51:16 GMT+0000 (UTC)] DEBUG CULL LIVE USERS
[Mon Apr 02 2012 04:51:16 GMT+0000 (UTC)] DEBUG Culled 1 users from LIVE
[Mon Apr 02 2012 05:21:16 GMT+0000 (UTC)] DEBUG CULL LIVE USERS
[Mon Apr 02 2012 05:21:16 GMT+0000 (UTC)] DEBUG Culled 1 users from LIVE
[Mon Apr 02 2012 05:51:16 GMT+0000 (UTC)] DEBUG CULL LIVE USERS
[Mon Apr 02 2012 05:51:16 GMT+0000 (UTC)] DEBUG Culled 0 users from LIVE
[Mon Apr 02 2012 06:21:16 GMT+0000 (UTC)] DEBUG CULL LIVE USERS
[Mon Apr 02 2012 06:21:16 GMT+0000 (UTC)] DEBUG Culled 0 users from LIVE
[Mon Apr 02 2012 06:51:16 GMT+0000 (UTC)] DEBUG CULL LIVE USERS
[Mon Apr 02 2012 06:51:21 GMT+0000 (UTC)] DEBUG Culled 0 users from LIVE
[Mon Apr 02 2012 07:21:16 GMT+0000 (UTC)] DEBUG CULL LIVE USERS
[Mon Apr 02 2012 07:21:16 GMT+0000 (UTC)] DEBUG Culled 1 users from LIVE
[Mon Apr 02 2012 07:51:16 GMT+0000 (UTC)] DEBUG CULL LIVE USERS
[Mon Apr 02 2012 07:51:16 GMT+0000 (UTC)] DEBUG Culled 0 users from LIVE
[Mon Apr 02 2012 08:21:16 GMT+0000 (UTC)] DEBUG CULL LIVE USERS
[Mon Apr 02 2012 08:21:16 GMT+0000 (UTC)] DEBUG Culled 0 users from LIVE
[Mon Apr 02 2012 08:51:16 GMT+0000 (UTC)] DEBUG CULL LIVE USERS
[Mon Apr 02 2012 08:51:16 GMT+0000 (UTC)] DEBUG Culled 0 users from LIVE
[Mon Apr 02 2012 09:21:16 GMT+0000 (UTC)] DEBUG CULL LIVE USERS
[Mon Apr 02 2012 09:21:16 GMT+0000 (UTC)] DEBUG Culled 1 users from LIVE
[Mon Apr 02 2012 09:51:16 GMT+0000 (UTC)] DEBUG CULL LIVE USERS
[Mon Apr 02 2012 09:51:16 GMT+0000 (UTC)] DEBUG Culled 0 users from LIVE
[Mon Apr 02 2012 10:21:16 GMT+0000 (UTC)] DEBUG CULL LIVE USERS
[Mon Apr 02 2012 10:21:16 GMT+0000 (UTC)] DEBUG Culled 0 users from LIVE
[Mon Apr 02 2012 10:51:16 GMT+0000 (UTC)] DEBUG CULL LIVE USERS
[Mon Apr 02 2012 10:51:16 GMT+0000 (UTC)] DEBUG Culled 0 users from LIVE
[Mon Apr 02 2012 11:21:16 GMT+0000 (UTC)] DEBUG CULL LIVE USERS
[Mon Apr 02 2012 11:21:16 GMT+0000 (UTC)] DEBUG Culled 0 users from LIVE
[Mon Apr 02 2012 11:51:16 GMT+0000 (UTC)] DEBUG CULL LIVE USERS
[Mon Apr 02 2012 11:51:16 GMT+0000 (UTC)] DEBUG Culled 0 users from LIVE
[Mon Apr 02 2012 12:21:16 GMT+0000 (UTC)] DEBUG CULL LIVE USERS
[Mon Apr 02 2012 12:21:16 GMT+0000 (UTC)] DEBUG Culled 0 users from LIVE
[Mon Apr 02 2012 12:51:16 GMT+0000 (UTC)] DEBUG CULL LIVE USERS
[Mon Apr 02 2012 12:51:16 GMT+0000 (UTC)] DEBUG Culled 1 users from LIVE
[Mon Apr 02 2012 13:21:16 GMT+0000 (UTC)] DEBUG CULL LIVE USERS
[Mon Apr 02 2012 13:21:16 GMT+0000 (UTC)] DEBUG Culled 0 users from LIVE
[Mon Apr 02 2012 13:51:16 GMT+0000 (UTC)] DEBUG CULL LIVE USERS
[Mon Apr 02 2012 13:51:16 GMT+0000 (UTC)] DEBUG Culled 1 users from LIVE
[Mon Apr 02 2012 14:21:16 GMT+0000 (UTC)] DEBUG CULL LIVE USERS
[Mon Apr 02 2012 14:21:16 GMT+0000 (UTC)] DEBUG Culled 0 users from LIVE
[Mon Apr 02 2012 14:51:16 GMT+0000 (UTC)] DEBUG CULL LIVE USERS
[Mon Apr 02 2012 14:51:16 GMT+0000 (UTC)] DEBUG Culled 0 users from LIVE
[Mon Apr 02 2012 15:21:16 GMT+0000 (UTC)] DEBUG CULL LIVE USERS
[Mon Apr 02 2012 15:21:16 GMT+0000 (UTC)] DEBUG Culled 0 users from LIVE
[Mon Apr 02 2012 15:51:16 GMT+0000 (UTC)] DEBUG CULL LIVE USERS
[Mon Apr 02 2012 15:51:16 GMT+0000 (UTC)] DEBUG Culled 0 users from LIVE
[Mon Apr 02 2012 16:21:16 GMT+0000 (UTC)] DEBUG CULL LIVE USERS
[Mon Apr 02 2012 16:21:16 GMT+0000 (UTC)] DEBUG Culled 2 users from LIVE
[Mon Apr 02 2012 16:51:16 GMT+0000 (UTC)] DEBUG CULL LIVE USERS
[Mon Apr 02 2012 16:51:16 GMT+0000 (UTC)] DEBUG Culled 1 users from LIVE
[Mon Apr 02 2012 17:21:16 GMT+0000 (UTC)] DEBUG CULL LIVE USERS
[Mon Apr 02 2012 17:21:16 GMT+0000 (UTC)] DEBUG Culled 0 users from LIVE
[Mon Apr 02 2012 17:51:16 GMT+0000 (UTC)] DEBUG CULL LIVE USERS
[Mon Apr 02 2012 17:51:16 GMT+0000 (UTC)] DEBUG Culled 0 users from LIVE
[Mon Apr 02 2012 18:21:16 GMT+0000 (UTC)] DEBUG CULL LIVE USERS
[Mon Apr 02 2012 18:21:16 GMT+0000 (UTC)] DEBUG Culled 1 users from LIVE
[Mon Apr 02 2012 18:51:16 GMT+0000 (UTC)] DEBUG CULL LIVE USERS
[Mon Apr 02 2012 18:51:21 GMT+0000 (UTC)] DEBUG Culled 1 users from LIVE
[Mon Apr 02 2012 19:21:16 GMT+0000 (UTC)] DEBUG CULL LIVE USERS
[Mon Apr 02 2012 19:21:16 GMT+0000 (UTC)] DEBUG Culled 1 users from LIVE
[Mon Apr 02 2012 19:51:16 GMT+0000 (UTC)] DEBUG CULL LIVE USERS
[Mon Apr 02 2012 19:51:21 GMT+0000 (UTC)] DEBUG Culled 0 users from LIVE
[Mon Apr 02 2012 20:21:16 GMT+0000 (UTC)] DEBUG CULL LIVE USERS
[Mon Apr 02 2012 20:21:16 GMT+0000 (UTC)] DEBUG Culled 0 users from LIVE
[Mon Apr 02 2012 20:51:16 GMT+0000 (UTC)] DEBUG CULL LIVE USERS
[Mon Apr 02 2012 20:51:16 GMT+0000 (UTC)] DEBUG Culled 0 users from LIVE
[Mon Apr 02 2012 21:21:16 GMT+0000 (UTC)] DEBUG CULL LIVE USERS
[Mon Apr 02 2012 21:21:16 GMT+0000 (UTC)] DEBUG Culled 1 users from LIVE
[Mon Apr 02 2012 21:51:16 GMT+0000 (UTC)] DEBUG CULL LIVE USERS
[Mon Apr 02 2012 21:51:21 GMT+0000 (UTC)] DEBUG Culled 1 users from LIVE
[Mon Apr 02 2012 22:21:16 GMT+0000 (UTC)] DEBUG CULL LIVE USERS
[Mon Apr 02 2012 22:21:16 GMT+0000 (UTC)] DEBUG Culled 1 users from LIVE
[Mon Apr 02 2012 22:51:16 GMT+0000 (UTC)] DEBUG CULL LIVE USERS
[Mon Apr 02 2012 22:51:16 GMT+0000 (UTC)] DEBUG Culled 0 users from LIVE
[Mon Apr 02 2012 23:21:46 GMT+0000 (UTC)] DEBUG CULL LIVE USERS
[Mon Apr 02 2012 23:21:46 GMT+0000 (UTC)] DEBUG Culled 0 users from LIVE
[Mon Apr 02 2012 23:38:46 GMT+0000 (UTC)] DEBUG CULL LIVE USERS
[Mon Apr 02 2012 23:38:46 GMT+0000 (UTC)] DEBUG Culled 1 users from LIVE
[Tue Apr 03 2012 00:55:18 GMT+0000 (UTC)] DEBUG CULL LIVE USERS
[Tue Apr 03 2012 00:55:18 GMT+0000 (UTC)] DEBUG Culled 0 users from LIVE
[Tue Apr 03 2012 01:02:55 GMT+0000 (UTC)] DEBUG CULL LIVE USERS
[Tue Apr 03 2012 01:02:55 GMT+0000 (UTC)] DEBUG Culled 1 users from LIVE
